<?xml version="1.0" encoding="UTF-8"?>
<!-- Generated by org.testng.reporters.JUnitReportReporter -->
<testsuite hostname="5CD412K3SK" failures="1" tests="17" name="runner.TestHomeDepot" time="1170.157" errors="0" timestamp="2025-04-26T18:32:24 IST" skipped="0">
  <testcase classname="runner.TestHomeDepot" name="logInFuntionalityTestcase" time="108.938"/>
  <testcase classname="runner.TestHomeDepot" name="trackOrderTestcase" time="25.065"/>
  <testcase classname="runner.TestHomeDepot" name="manageCardsTestcase" time="59.731"/>
  <testcase classname="runner.TestHomeDepot" name="shopOurBrandsTestcase" time="28.327"/>
  <testcase classname="runner.TestHomeDepot" name="orderCancellationTestcase" time="32.764"/>
  <testcase classname="runner.TestHomeDepot" name="giftCardsTestcase" time="264.826"/>
  <testcase classname="runner.TestHomeDepot" name="affiliateProgramTestcase" time="227.185"/>
  <testcase classname="runner.TestHomeDepot" name="corporateResponsibilityTestcase" time="32.409"/>
  <testcase classname="runner.TestHomeDepot" name="myPreferenceCenterTestcase" time="36.338"/>
  <testcase classname="runner.TestHomeDepot" name="carbonEmissionsTestcase" time="76.053"/>
  <testcase classname="runner.TestHomeDepot" name="rebateCenterTestcase" time="36.911"/>
  <testcase classname="runner.TestHomeDepot" name="privacyPolicyTestcase" time="28.011"/>
  <testcase classname="runner.TestHomeDepot" name="lawnAndEquipmentLocators" time="75.886">
    <failure message="expected [true] but found [false]" type="java.lang.AssertionError">
      <![CDATA[java.lang.AssertionError: expected [true] but found [false]
at org.testng.Assert.fail(Assert.java:111)
at org.testng.Assert.failNotEquals(Assert.java:1578)
at org.testng.Assert.assertTrue(Assert.java:57)
at org.testng.Assert.assertTrue(Assert.java:67)
at pages.LawnAndEquipment.verifyInfoLabel(LawnAndEquipment.java:160)
at pages.LawnAndEquipment.lawnAndEquipmentTestcse(LawnAndEquipment.java:193)
at runner.TestHomeDepot.lawnAndEquipmentLocators(TestHomeDepot.java:265)
at java.base/jdk.internal.reflect.NativeMethodAccessorImpl.invoke0(Native Method)
at java.base/jdk.internal.reflect.NativeMethodAccessorImpl.invoke(NativeMethodAccessorImpl.java:77)
at java.base/jdk.internal.reflect.DelegatingMethodAccessorImpl.invoke(DelegatingMethodAccessorImpl.java:43)
at java.base/java.lang.reflect.Method.invoke(Method.java:568)
at org.testng.internal.invokers.MethodInvocationHelper.invokeMethod(MethodInvocationHelper.java:141)
at org.testng.internal.invokers.TestInvoker.invokeMethod(TestInvoker.java:686)
at org.testng.internal.invokers.TestInvoker.invokeTestMethod(TestInvoker.java:230)
at org.testng.internal.invokers.MethodRunner.runInSequence(MethodRunner.java:63)
at org.testng.internal.invokers.TestInvoker$MethodInvocationAgent.invoke(TestInvoker.java:992)
at org.testng.internal.invokers.TestInvoker.invokeTestMethods(TestInvoker.java:203)
at org.testng.internal.invokers.TestMethodWorker.invokeTestMethods(TestMethodWorker.java:154)
at org.testng.internal.invokers.TestMethodWorker.run(TestMethodWorker.java:134)
at java.base/java.util.ArrayList.forEach(ArrayList.java:1511)
at org.testng.TestRunner.privateRun(TestRunner.java:739)
at org.testng.TestRunner.run(TestRunner.java:614)
at org.testng.SuiteRunner.runTest(SuiteRunner.java:421)
at org.testng.SuiteRunner.runSequentially(SuiteRunner.java:413)
at org.testng.SuiteRunner.privateRun(SuiteRunner.java:373)
at org.testng.SuiteRunner.run(SuiteRunner.java:312)
at org.testng.SuiteRunnerWorker.runSuite(SuiteRunnerWorker.java:52)
at org.testng.SuiteRunnerWorker.run(SuiteRunnerWorker.java:95)
at org.testng.TestNG.runSuitesSequentially(TestNG.java:1274)
at org.testng.TestNG.runSuitesLocally(TestNG.java:1208)
at org.testng.TestNG.runSuites(TestNG.java:1112)
at org.testng.TestNG.run(TestNG.java:1079)
at org.apache.maven.surefire.testng.TestNGExecutor.run(TestNGExecutor.java:155)
at org.apache.maven.surefire.testng.TestNGDirectoryTestSuite.executeSingleClass(TestNGDirectoryTestSuite.java:102)
at org.apache.maven.surefire.testng.TestNGDirectoryTestSuite.execute(TestNGDirectoryTestSuite.java:91)
at org.apache.maven.surefire.testng.TestNGProvider.invoke(TestNGProvider.java:137)
at org.apache.maven.surefire.booter.ForkedBooter.runSuitesInProcess(ForkedBooter.java:385)
at org.apache.maven.surefire.booter.ForkedBooter.execute(ForkedBooter.java:162)
at org.apache.maven.surefire.booter.ForkedBooter.run(ForkedBooter.java:507)
at org.apache.maven.surefire.booter.ForkedBooter.main(ForkedBooter.java:495)
]]>
    </failure>
  </testcase> <!-- lawnAndEquipmentLocators -->
  <testcase classname="runner.TestHomeDepot" name="heavyDutyTools" time="32.550"/>
  <testcase classname="runner.TestHomeDepot" name="mobileWorkBenches" time="25.499"/>
  <testcase classname="runner.TestHomeDepot" name="rollingToolBoxesTestcases" time="47.424"/>
  <testcase classname="runner.TestHomeDepot" name="huskyTruckToolsTestcase" time="32.240"/>
</testsuite> <!-- runner.TestHomeDepot -->
